RevisedMapLocationFromContacts/app/build/intermediates/manifest_merge_blame_file/debug/manifest-merger-blame-debug-report.txt
1<?xml version="1.0" encoding="utf-8"?>
2<manifest xmlns:android="http://schemas.android.com/apk/res/android"
3    package="course.examples.newmaplocationfromcontacts"
4    android:versionCode="1"
5    android:versionName="1.0" >
6
7    <uses-sdk
8        android:minSdkVersion="23"
8-->src\main\AndroidManifest.xml
9        android:targetSdkVersion="28" />
9-->src\main\AndroidManifest.xml
10
11    <uses-permission android:name="android.permission.READ_CONTACTS" >
11-->src\main\AndroidManifest.xml:8:5-9:23
11-->src\main\AndroidManifest.xml:8:22-69
12    </uses-permission>
13
14    <application
14-->src\main\AndroidManifest.xml:11:5-24:19
15        android:allowBackup="false"
15-->src\main\AndroidManifest.xml:12:9-36
16        android:appComponentFactory="android.support.v4.app.CoreComponentFactory"
16-->[com.android.support:support-compat:28.0.0] AndroidManifest.xml:22:18-91
17        android:debuggable="true"
18        android:extractNativeLibs="false"
19        android:icon="@drawable/ic_launcher"
19-->src\main\AndroidManifest.xml:13:9-45
20        android:testOnly="true" >
21        <activity
21-->src\main\AndroidManifest.xml:15:9-23:20
22            android:name="course.examples.newmaplocationfromcontacts.NewMapLocationFromContactsActivity"
22-->src\main\AndroidManifest.xml:16:13-63
23            android:label="NewMapLocationFromContacts" >
23-->src\main\AndroidManifest.xml:17:13-55
24            <intent-filter>
24-->src\main\AndroidManifest.xml:18:13-22:29
25                <action android:name="android.intent.action.MAIN" />
25-->src\main\AndroidManifest.xml:19:17-69
25-->src\main\AndroidManifest.xml:19:25-66
26
27                <category android:name="android.intent.category.LAUNCHER" />
27-->src\main\AndroidManifest.xml:21:17-77
27-->src\main\AndroidManifest.xml:21:27-74
28            </intent-filter>
29        </activity>
30    </application>
31
32</manifest>